#-----------------------------------------------------------
# Vivado v2019.1 (64-bit)
# SW Build 2552052 on Fri May 24 14:49:42 MDT 2019
# IP Build 2548770 on Fri May 24 18:01:18 MDT 2019
# Start of session at: Sun Apr  2 03:02:29 2023
# Process ID: 13944
# Current directory: C:/Users/dimav/Desktop/lab4_plis
# Command line: vivado.exe -gui_launcher_event rodinguilauncherevent676 C:\Users\dimav\Desktop\lab4_plis\lab4_plis.xpr
# Log file: C:/Users/dimav/Desktop/lab4_plis/vivado.log
# Journal file: C:/Users/dimav/Desktop/lab4_plis\vivado.jou
#-----------------------------------------------------------
start_gui
open_project C:/Users/dimav/Desktop/lab4_plis/lab4_plis.xpr
INFO: [Project 1-313] Project file moved from 'C:/Users/dimav/AppData/Local/Temp/Temp1_My_RiscV_Int.zip/My_RiscV_Int/lab4_plis' since last save.
Scanning sources...
Finished scanning sources
INFO: [IP_Flow 19-234] Refreshing IP repositories
INFO: [IP_Flow 19-1704] No user IP repositories specified
INFO: [IP_Flow 19-2313] Loaded Vivado IP repository 'D:/Xilinx/Vivado/2019.1/data/ip'.
update_compile_order -fileset sources_1
launch_simulation
INFO: [Vivado 12-5682] Launching behavioral simulation in 'C:/Users/dimav/Desktop/lab4_plis/lab4_plis.sim/sim_1/behav/xsim'
INFO: [SIM-utils-51] Simulation object is 'sim_1'
INFO: [SIM-utils-54] Inspecting design source files for 'tb' in fileset 'sim_1'...
INFO: [USF-XSim-97] Finding global include files...
INFO: [USF-XSim-98] Fetching design files from 'sim_1'...
INFO: [USF-XSim-2] XSim::Compile design
INFO: [USF-XSim-61] Executing 'COMPILE and ANALYZE' step in 'C:/Users/dimav/Desktop/lab4_plis/lab4_plis.sim/sim_1/behav/xsim'
"xvlog --incr --relax -prj tb_vlog.prj"
INFO: [VRFC 10-2263] Analyzing SystemVerilog file "C:/Users/dimav/Desktop/lab4_plis/lab4_plis.srcs/sources_1/new/shift_reg.sv" into library xil_defaultlib
INFO: [VRFC 10-311] analyzing module shift_reg
INFO: [VRFC 10-2263] Analyzing SystemVerilog file "C:/Users/dimav/Desktop/lab4_plis/lab4_plis.srcs/sim_1/new/tb.sv" into library xil_defaultlib
INFO: [VRFC 10-311] analyzing module tb
INFO: [VRFC 10-2263] Analyzing Verilog file "C:/Users/dimav/Desktop/lab4_plis/lab4_plis.sim/sim_1/behav/xsim/glbl.v" into library xil_defaultlib
INFO: [VRFC 10-311] analyzing module glbl
INFO: [USF-XSim-69] 'compile' step finished in '3' seconds
INFO: [USF-XSim-3] XSim::Elaborate design
INFO: [USF-XSim-61] Executing 'ELABORATE' step in 'C:/Users/dimav/Desktop/lab4_plis/lab4_plis.sim/sim_1/behav/xsim'
"xelab -wto c210a0836ba841199bbef8682fd40a54 --incr --debug typical --relax --mt 2 -L xil_defaultlib -L unisims_ver -L unimacro_ver -L secureip --snapshot tb_behav xil_defaultlib.tb xil_defaultlib.glbl -log elaborate.log"
Vivado Simulator 2019.1
Copyright 1986-1999, 2001-2019 Xilinx, Inc. All Rights Reserved.
Running: D:/Xilinx/Vivado/2019.1/bin/unwrapped/win64.o/xelab.exe -wto c210a0836ba841199bbef8682fd40a54 --incr --debug typical --relax --mt 2 -L xil_defaultlib -L unisims_ver -L unimacro_ver -L secureip --snapshot tb_behav xil_defaultlib.tb xil_defaultlib.glbl -log elaborate.log 
Using 2 slave threads.
Starting static elaboration
Completed static elaboration
Starting simulation data flow analysis
WARNING: [XSIM 43-4099] "C:/Users/dimav/Desktop/lab4_plis/lab4_plis.srcs/sources_1/new/shift_reg.sv" Line 1. Module shift_reg doesn't have a timescale but at least one module in design has a timescale.
Completed simulation data flow analysis
Time Resolution for simulation is 1ps
Compiling module xil_defaultlib.shift_reg
Compiling module xil_defaultlib.tb
Compiling module xil_defaultlib.glbl
Built simulation snapshot tb_behav

****** Webtalk v2019.1 (64-bit)
  **** SW Build 2552052 on Fri May 24 14:49:42 MDT 2019
  **** IP Build 2548770 on Fri May 24 18:01:18 MDT 2019
    ** Copyright 1986-2019 Xilinx, Inc. All Rights Reserved.

source C:/Users/dimav/Desktop/lab4_plis/lab4_plis.sim/sim_1/behav/xsim/xsim.dir/tb_behav/webtalk/xsim_webtalk.tcl -notrace
INFO: [Common 17-186] 'C:/Users/dimav/Desktop/lab4_plis/lab4_plis.sim/sim_1/behav/xsim/xsim.dir/tb_behav/webtalk/usage_statistics_ext_xsim.xml' has been successfully sent to Xilinx on Sun Apr  2 03:07:13 2023. For additional details about this file, please refer to the WebTalk help file at D:/Xilinx/Vivado/2019.1/doc/webtalk_introduction.html.
webtalk_transmit: Time (s): cpu = 00:00:00 ; elapsed = 00:00:07 . Memory (MB): peak = 109.020 ; gain = 17.605
INFO: [Common 17-206] Exiting Webtalk at Sun Apr  2 03:07:13 2023...
run_program: Time (s): cpu = 00:00:02 ; elapsed = 00:00:12 . Memory (MB): peak = 751.562 ; gain = 0.000
INFO: [USF-XSim-69] 'elaborate' step finished in '12' seconds
INFO: [USF-XSim-4] XSim::Simulate design
INFO: [USF-XSim-61] Executing 'SIMULATE' step in 'C:/Users/dimav/Desktop/lab4_plis/lab4_plis.sim/sim_1/behav/xsim'
INFO: [USF-XSim-98] *** Running xsim
   with args "tb_behav -key {Behavioral:sim_1:Functional:tb} -tclbatch {tb.tcl} -log {simulate.log}"
INFO: [USF-XSim-8] Loading simulator feature
Vivado Simulator 2019.1
Time resolution is 1 ps
source tb.tcl
# set curr_wave [current_wave_config]
# if { [string length $curr_wave] == 0 } {
#   if { [llength [get_objects]] > 0} {
#     add_wave /
#     set_property needs_save false [current_wave_config]
#   } else {
#      send_msg_id Add_Wave-1 WARNING "No top level signals found. Simulator will start without a wave window. If you want to open a wave window go to 'File->New Waveform Configuration' or type 'create_wave_config' in the TCL console."
#   }
# }
# run 1000ns
xsim: Time (s): cpu = 00:00:13 ; elapsed = 00:00:05 . Memory (MB): peak = 762.570 ; gain = 2.652
INFO: [USF-XSim-96] XSim completed. Design snapshot 'tb_behav' loaded.
INFO: [USF-XSim-97] XSim simulation ran for 1000ns
launch_simulation: Time (s): cpu = 00:00:17 ; elapsed = 00:00:21 . Memory (MB): peak = 762.570 ; gain = 11.008
restart
INFO: [Simtcl 6-17] Simulation restarted
restart: Time (s): cpu = 00:00:06 ; elapsed = 00:00:06 . Memory (MB): peak = 783.484 ; gain = 20.891
run 10 us
run 10 us
run 10 us
close_sim
INFO: [Simtcl 6-16] Simulation closed
close_sim: Time (s): cpu = 00:00:03 ; elapsed = 00:00:09 . Memory (MB): peak = 783.484 ; gain = 0.000
exit
INFO: [Common 17-206] Exiting Vivado at Sun Apr  2 03:17:29 2023...
