#-----------------------------------------------------------
# Vivado v2019.1 (64-bit)
# SW Build 2552052 on Fri May 24 14:49:42 MDT 2019
# IP Build 2548770 on Fri May 24 18:01:18 MDT 2019
# Start of session at: Fri Mar 24 19:08:32 2023
# Process ID: 15180
# Current directory: C:/Users/dimav/Desktop/lab4_plis
# Command line: vivado.exe -gui_launcher_event rodinguilauncherevent13928 C:\Users\dimav\Desktop\lab4_plis\lab4_plis.xpr
# Log file: C:/Users/dimav/Desktop/lab4_plis/vivado.log
# Journal file: C:/Users/dimav/Desktop/lab4_plis\vivado.jou
#-----------------------------------------------------------
start_gui
open_project C:/Users/dimav/Desktop/lab4_plis/lab4_plis.xpr
INFO: [Project 1-313] Project file moved from 'C:/Users/dimav/AppData/Local/Temp/Temp1_My_RiscV_Int.zip/My_RiscV_Int/lab4_plis' since last save.
Scanning sources...
Finished scanning sources
INFO: [IP_Flow 19-234] Refreshing IP repositories
INFO: [IP_Flow 19-1704] No user IP repositories specified
INFO: [IP_Flow 19-2313] Loaded Vivado IP repository 'D:/Xilinx/Vivado/2019.1/data/ip'.
update_compile_order -fileset sources_1
exit
INFO: [Common 17-206] Exiting Vivado at Fri Mar 24 19:19:46 2023...
