#-----------------------------------------------------------
# Vivado v2019.1 (64-bit)
# SW Build 2552052 on Fri May 24 14:49:42 MDT 2019
# IP Build 2548770 on Fri May 24 18:01:18 MDT 2019
# Start of session at: Fri May 26 12:53:50 2023
# Process ID: 19288
# Current directory: C:/Users/dimav/Downloads/Плисы/lab3
# Command line: vivado.exe -gui_launcher_event rodinguilauncherevent5356 C:\Users\dimav\Downloads\Плисы\lab3\lab3.xpr
# Log file: C:/Users/dimav/Downloads/Плисы/lab3/vivado.log
# Journal file: C:/Users/dimav/Downloads/Плисы/lab3\vivado.jou
#-----------------------------------------------------------
start_gui
open_project C:/Users/dimav/Downloads/Плисы/lab3/lab3.xpr
Scanning sources...
Finished scanning sources
INFO: [IP_Flow 19-234] Refreshing IP repositories
INFO: [IP_Flow 19-1704] No user IP repositories specified
INFO: [IP_Flow 19-2313] Loaded Vivado IP repository 'D:/Xilinx/Vivado/2019.1/data/ip'.
open_project: Time (s): cpu = 00:00:05 ; elapsed = 00:00:05 . Memory (MB): peak = 665.629 ; gain = 62.102
update_compile_order -fileset sources_1
exit
INFO: [Common 17-206] Exiting Vivado at Fri May 26 13:00:41 2023...
