#-----------------------------------------------------------
# Vivado v2019.1 (64-bit)
# SW Build 2552052 on Fri May 24 14:49:42 MDT 2019
# IP Build 2548770 on Fri May 24 18:01:18 MDT 2019
# Start of session at: Sun Apr  2 02:46:53 2023
# Process ID: 7652
# Current directory: C:/Users/dimav/Desktop/lab3
# Command line: vivado.exe -gui_launcher_event rodinguilauncherevent13832 C:\Users\dimav\Desktop\lab3\lab3.xpr
# Log file: C:/Users/dimav/Desktop/lab3/vivado.log
# Journal file: C:/Users/dimav/Desktop/lab3\vivado.jou
#-----------------------------------------------------------
start_gui
open_project C:/Users/dimav/Desktop/lab3/lab3.xpr
INFO: [Project 1-313] Project file moved from 'C:/Users/dimav/AppData/Local/Temp/Temp1_My_RiscV_Int.zip/My_RiscV_Int/lab3' since last save.
Scanning sources...
Finished scanning sources
INFO: [IP_Flow 19-234] Refreshing IP repositories
INFO: [IP_Flow 19-1704] No user IP repositories specified
INFO: [IP_Flow 19-2313] Loaded Vivado IP repository 'D:/Xilinx/Vivado/2019.1/data/ip'.
open_project: Time (s): cpu = 00:00:14 ; elapsed = 00:00:06 . Memory (MB): peak = 658.551 ; gain = 57.699
update_compile_order -fileset sources_1
exit
INFO: [Common 17-206] Exiting Vivado at Sun Apr  2 03:02:23 2023...
